<?xml version="1.0" encoding="UTF-8"?>
<!-- Generated by org.testng.reporters.JUnitXMLReporter -->
<testsuite ignored="0" hostname="ZSRIL-3NT30J3" failures="3" tests="3" name="Test" time="4.884" errors="0" timestamp="2022-08-29T16:56:23 IST">
  <testcase classname="com.qa.tests.PostAPITest" name="postAPITest" time="0.12">
    <failure type="java.io.FileNotFoundException" message="\Users\NaveenKhunteta\Documents\APIAutomationHTTPClient\APIAutomationUsingHTTPClient\src\main\java\com\qa\data\users.json (The system cannot find the path specified)">
      <![CDATA[java.io.FileNotFoundException: \Users\NaveenKhunteta\Documents\APIAutomationHTTPClient\APIAutomationUsingHTTPClient\src\main\java\com\qa\data\users.json (The system cannot find the path specified)
at java.base/java.io.FileOutputStream.open0(Native Method)
at java.base/java.io.FileOutputStream.open(FileOutputStream.java:293)
at java.base/java.io.FileOutputStream.<init>(FileOutputStream.java:235)
at java.base/java.io.FileOutputStream.<init>(FileOutputStream.java:184)
at com.fasterxml.jackson.core.JsonFactory.createGenerator(JsonFactory.java:1121)
at com.fasterxml.jackson.databind.ObjectMapper.writeValue(ObjectMapper.java:2876)
at com.qa.tests.PostAPITest.postAPITest(PostAPITest.java:53)
at java.base/java.util.ArrayList.forEach(ArrayList.java:1511)
... Removed 27 stack frames]]>
    </failure>
  </testcase> <!-- postAPITest -->
  <testcase classname="com.qa.tests.GetAPITest" name="getAPITestWithoutHeaders" time="4.627">
    <failure type="java.lang.AssertionError" message="expected [3] but found [6]">
      <![CDATA[java.lang.AssertionError: expected [3] but found [6]
at com.qa.tests.GetAPITest.getAPITestWithoutHeaders(GetAPITest.java:64)
at java.base/java.util.ArrayList.forEach(ArrayList.java:1511)
... Removed 33 stack frames]]>
    </failure>
  </testcase> <!-- getAPITestWithoutHeaders -->
  <testcase classname="com.qa.tests.GetAPITest" name="getAPITestWithHeaders" time="0.093">
    <failure type="java.lang.AssertionError" message="expected [3] but found [6]">
      <![CDATA[java.lang.AssertionError: expected [3] but found [6]
at com.qa.tests.GetAPITest.getAPITestWithHeaders(GetAPITest.java:126)
at java.base/java.util.ArrayList.forEach(ArrayList.java:1511)
... Removed 33 stack frames]]>
    </failure>
  </testcase> <!-- getAPITestWithHeaders -->
</testsuite> <!-- Test -->
